{"numTotalTestSuites":5,"numPassedTestSuites":5,"numFailedTestSuites":0,"numPendingTestSuites":0,"numTotalTests":13,"numPassedTests":7,"numFailedTests":6,"numPendingTests":0,"numTodoTests":0,"startTime":1780992523162,"success":false,"testResults":[{"assertionResults":[{"ancestorTitles":["","smartEngine — logic & intent detection"],"fullName":" smartEngine — logic & intent detection calculates footprint correctly from user data","status":"passed","title":"calculates footprint correctly from user data","duration":1,"failureMessages":[]},{"ancestorTitles":["","smartEngine — logic & intent detection"],"fullName":" smartEngine — logic & intent detection responds to greeting locally (fast path)","status":"passed","title":"responds to greeting locally (fast path)","duration":0,"failureMessages":[]},{"ancestorTitles":["","smartEngine — logic & intent detection"],"fullName":" smartEngine — logic & intent detection responds to thanks locally (fast path)","status":"passed","title":"responds to thanks locally (fast path)","duration":1,"failureMessages":[]},{"ancestorTitles":["","smartEngine — logic & intent detection"],"fullName":" smartEngine — logic & intent detection calls Gemini for complex queries","status":"passed","title":"calls Gemini for complex queries","duration":0,"failureMessages":[]},{"ancestorTitles":["","ChatView"],"fullName":" ChatView renders heading","status":"failed","title":"renders heading","duration":30,"failureMessages":["bottomRef.current?.scrollIntoView is not a function"],"location":{"line":21,"column":24}},{"ancestorTitles":["","ChatView"],"fullName":" ChatView renders suggestion chips","status":"failed","title":"renders suggestion chips","duration":5,"failureMessages":["bottomRef.current?.scrollIntoView is not a function"],"location":{"line":21,"column":24}},{"ancestorTitles":["","ChatView"],"fullName":" ChatView send button is disabled when input is empty","status":"failed","title":"send button is disabled when input is empty","duration":4,"failureMessages":["bottomRef.current?.scrollIntoView is not a function"],"location":{"line":21,"column":24}},{"ancestorTitles":["","ChatView"],"fullName":" ChatView send button enables when user types","status":"failed","title":"send button enables when user types","duration":3,"failureMessages":["bottomRef.current?.scrollIntoView is not a function"],"location":{"line":21,"column":24}},{"ancestorTitles":["","ChatView"],"fullName":" ChatView has accessible chat log region","status":"failed","title":"has accessible chat log region","duration":5,"failureMessages":["bottomRef.current?.scrollIntoView is not a function"],"location":{"line":21,"column":24}},{"ancestorTitles":["","CalculatorView"],"fullName":" CalculatorView renders heading","status":"passed","title":"renders heading","duration":51,"failureMessages":[]},{"ancestorTitles":["","CalculatorView"],"fullName":" CalculatorView calculates total footprint correctly from mock store data","status":"failed","title":"calculates total footprint correctly from mock store data","duration":12,"failureMessages":["Found multiple elements with the text: /1.9/\n\nHere are the matching elements:\n\nIgnored nodes: comments, script, style\n\u001b[36m<div\u001b[39m\n  \u001b[33mclass\u001b[39m=\u001b[32m\"text-4xl font-bold text-brand-600 mt-2\"\u001b[39m\n\u001b[36m>\u001b[39m\n  \u001b[0m1.9\u001b[0m\n  \u001b[0m \u001b[0m\n  \u001b[36m<span\u001b[39m\n    \u001b[33mclass\u001b[39m=\u001b[32m\"text-lg text-gray-500\"\u001b[39m\n  \u001b[36m>\u001b[39m\n    \u001b[0mkg CO₂e\u001b[0m\n  \u001b[36m</span>\u001b[39m\n\u001b[36m</div>\u001b[39m\n\nIgnored nodes: comments, script, style\n\u001b[36m<span\u001b[39m\n  \u001b[33mclass\u001b[39m=\u001b[32m\"text-sm font-medium px-2.5 py-1 bg-brand-100 text-brand-700 rounded-full\"\u001b[39m\n\u001b[36m>\u001b[39m\n  \u001b[0m1.9\u001b[0m\n  \u001b[0m kg\u001b[0m\n\u001b[36m</span>\u001b[39m\n\n(If this is intentional, then use the `*AllBy*` variant of the query (like `queryAllByText`, `getAllByText`, or `findAllByText`)).\n\nIgnored nodes: comments, script, style\n\u001b[36m<body>\u001b[39m\n  \u001b[36m<div>\u001b[39m\n    \u001b[36m<div\u001b[39m\n      \u001b[33mclass\u001b[39m=\u001b[32m\"h-full flex flex-col overflow-hidden bg-brand-50\"\u001b[39m\n    \u001b[36m>\u001b[39m\n      \u001b[36m<header\u001b[39m\n        \u001b[33mclass\u001b[39m=\u001b[32m\"px-6 py-4 bg-white border-b flex-shrink-0 shadow-sm\"\u001b[39m\n      \u001b[36m>\u001b[39m\n        \u001b[36m<h1\u001b[39m\n          \u001b[33mclass\u001b[39m=\u001b[32m\"text-xl font-bold text-gray-900\"\u001b[39m\n        \u001b[36m>\u001b[39m\n          \u001b[0mCarbon Calculator\u001b[0m\n        \u001b[36m</h1>\u001b[39m\n        \u001b[36m<p\u001b[39m\n          \u001b[33mclass\u001b[39m=\u001b[32m\"text-sm text-gray-600\"\u001b[39m\n        \u001b[36m>\u001b[39m\n          \u001b[0mTrack your activities to estimate your footprint\u001b[0m\n        \u001b[36m</p>\u001b[39m\n      \u001b[36m</header>\u001b[39m\n      \u001b[36m<div\u001b[39m\n        \u001b[33mclass\u001b[39m=\u001b[32m\"flex-1 overflow-y-auto p-4 md:p-6 space-y-6\"\u001b[39m\n      \u001b[36m>\u001b[39m\n        \u001b[36m<div\u001b[39m\n          \u001b[33mclass\u001b[39m=\u001b[32m\"bg-white rounded-2xl p-6 shadow-card text-center animate-slide-up\"\u001b[39m\n        \u001b[36m>\u001b[39m\n          \u001b[36m<h2\u001b[39m\n            \u001b[33mclass\u001b[39m=\u001b[32m\"text-sm font-semibold text-gray-500 uppercase tracking-wider\"\u001b[39m\n          \u001b[36m>\u001b[39m\n            \u001b[0mTotal Footprint\u001b[0m\n          \u001b[36m</h2>\u001b[39m\n          \u001b[36m<div\u001b[39m\n            \u001b[33mclass\u001b[39m=\u001b[32m\"text-4xl font-bold text-brand-600 mt-2\"\u001b[39m\n          \u001b[36m>\u001b[39m\n            \u001b[0m1.9\u001b[0m\n            \u001b[0m \u001b[0m\n            \u001b[36m<span\u001b[39m\n              \u001b[33mclass\u001b[39m=\u001b[32m\"text-lg text-gray-500\"\u001b[39m\n            \u001b[36m>\u001b[39m\n              \u001b[0mkg CO₂e\u001b[0m\n            \u001b[36m</span>\u001b[39m\n          \u001b[36m</div>\u001b[39m\n        \u001b[36m</div>\u001b[39m\n        \u001b[36m<div\u001b[39m\n          \u001b[33mclass\u001b[39m=\u001b[32m\"grid grid-cols-1 lg:grid-cols-2 gap-6\"\u001b[39m\n        \u001b[36m>\u001b[39m\n          \u001b[36m<div\u001b[39m\n            \u001b[33mclass\u001b[39m=\u001b[32m\"bg-white rounded-2xl shadow-soft p-5 animate-slide-up [animation-delay:0ms]\"\u001b[39m\n          \u001b[36m>\u001b[39m\n            \u001b[36m<div\u001b[39m\n              \u001b[33mclass\u001b[39m=\u001b[32m\"flex justify-between items-center mb-4\"\u001b[39m\n            \u001b[36m>\u001b[39m\n              \u001b[36m<h3\u001b[39m\n                \u001b[33mclass\u001b[39m=\u001b[32m\"text-lg font-semibold text-gray-800\"\u001b[39m\n              \u001b[36m>\u001b[39m\n                \u001b[0mTransport\u001b[0m\n              \u001b[36m</h3>\u001b[39m\n              \u001b[36m<span\u001b[39m\n                \u001b[33mclass\u001b[39m=\u001b[32m\"text-sm font-medium px-2.5 py-1 bg-brand-100 text-brand-700 rounded-full\"\u001b[39m\n              \u001b[36m>\u001b[39m\n                \u001b[0m1.9\u001b[0m\n                \u001b[0m kg\u001b[0m\n              \u001b[36m</span>\u001b[39m\n            \u001b[36m</div>\u001b[39m\n            \u001b[36m<p\u001b[39m\n              \u001b[33mclass\u001b[39m=\u001b[32m\"text-sm text-gray-500 mb-6\"\u001b[39m\n            \u001b[36m>\u001b[39m\n              \u001b[0mEmissions from driving, flying, and public transit.\u001b[0m\n            \u001b[36m</p>\u001b[39m\n            \u001b[36m<div\u001b[39m\n              \u001b[33mclass\u001b[39m=\u001b[32m\"space-y-4\"\u001b[39m\n            \u001b[36m>\u001b[39m\n              \u001b[36m<div\u001b[39m\n                \u001b[33mclass\u001b[39m=\u001b[32m\"flex flex-col gap-2\"\u001b[39m\n              \u001b[36m>\u001b[39m\n                \u001b[36m<label\u001b[39m\n                  \u001b[33mclass\u001b[39m=\u001b[32m\"text-sm font-medium text-gray-700 flex justify-between\"\u001b[39m\n                  \u001b[33mfor\u001b[39m=\u001b[32m\"act-drive_gas_car\"\u001b[39m\n                \u001b[36m>\u001b[39m\n                  \u001b[36m<span>\u001b[39m\n                    \u001b[0mDriving a Gasoline Car\u001b[0m\n                  \u001b[36m</span>\u001b[39m\n                  \u001b[36m<span\u001b[39m\n                    \u001b[33mclass\u001b[39m=\u001b[32m\"text-gray-400 text-xs\"\u001b[39m\n                  \u001b[36m>\u001b[39m\n                    \u001b[0m(\u001b[0m\n                    \u001b[0mkm\u001b[0m\n                    \u001b[0m)\u001b[0m\n                  \u001b[36m</span>\u001b[39m\n                \u001b[36m</label>\u001b[39m\n                \u001b[36m<div\u001b[39m\n                  \u001b[33mclass\u001b[39m=\u001b[32m\"flex items-center gap-3\"\u001b[39m\n                \u001b[36m>\u001b[39m\n                  \u001b[36m<input\u001b[39m\n                    \u001b[33mclass\u001b[39m=\u001b[32m\"flex-1 rounded-xl border border-gray-300 px-3 py-2 text-sm focus:ring-2 focus:ring-brand-500 focus:border-brand-500 shadow-sm\"\u001b[39m\n                    \u001b[33mid\u001b[39m=\u001b[32m\"act-drive_gas_car\"\u001b[39m\n                    \u001b[33mmin\u001b[39m=\u001b[32m\"0\"\u001b[39m\n                    \u001b[33mplaceholder\u001b[39m=\u001b[32m\"0\"\u001b[39m\n                    \u001b[33mstep\u001b[39m=\u001b[32m\"0.1\"\u001b[39m\n                    \u001b[33mtype\u001b[39m=\u001b[32m\"number\"\u001b[39m\n                    \u001b[33mvalue\u001b[39m=\u001b[32m\"10\"\u001b[39m\n                  \u001b[36m/>\u001b[39m\n                \u001b[36m</div>\u001b[39m\n              \u001b[36m</div>\u001b[39m\n              \u001b[36m<div\u001b[39m\n                \u001b[33mclass\u001b[39m=\u001b[32m\"flex flex-col gap-2\"\u001b[39m\n              \u001b[36m>\u001b[39m\n                \u001b[36m<label\u001b[39m\n                  \u001b[33mclass\u001b[39m=\u001b[32m\"text-sm font-medium text-gray-700 flex justify-between\"\u001b[39m\n                  \u001b[33mfor\u001b[39m=\u001b[32m\"act-short_flight\"\u001b[39m\n                \u001b[36m>\u001b[39m\n                  \u001b[36m<span>\u001b[39m\n                    \u001b[0mShort-haul Flight\u001b[0m\n                  \u001b[36m</span>\u001b[39m\n                  \u001b[36m<span\u001b[39m\n                    \u001b[33mclass\u001b[39m=\u001b[32m\"text-gray-400 text-xs\"\u001b[39m\n                  \u001b[36m>\u001b[39m\n                    \u001b[0m(\u001b[0m\n                    \u001b[0mkm\u001b[0m\n                    \u001b[0m)\u001b[0m\n                  \u001b[36m</span>\u001b[39m\n                \u001b[36m</label>\u001b[39m\n                \u001b[36m<div\u001b[39m\n                  \u001b[33mclass\u001b[39m=\u001b[32m\"flex items-center gap-3\"\u001b[39m\n                \u001b[36m>\u001b[39m\n                  \u001b[36m<input\u001b[39m\n                    \u001b[33mclass\u001b[39m=\u001b[32m\"flex-1 rounded-xl border border-gray-300 px-3 py-2 text-sm focus:ring-2 focus:ring-brand-500 focus:border-brand-500 shadow-sm\"\u001b[39m\n                    \u001b[33mid\u001b[39m=\u001b[32m\"act-short_flight\"\u001b[39m\n                    \u001b[33mmin\u001b[39m=\u001b[32m\"0\"\u001b[39m\n                    \u001b[33mplaceholder\u001b[39m=\u001b[32m\"0\"\u001b[39m\n                    \u001b[33mstep\u001b[39m=\u001b[32m\"0.1\"\u001b[39m\n                    \u001b[33mtype\u001b[39m=\u001b[32m\"number\"\u001b[39m\n                    \u001b[33mvalue\u001b[39m=\u001b[32m\"\"\u001b[39m\n                  \u001b[36m/>\u001b[39m\n                \u001b[36m</div>\u001b[39m\n              \u001b[36m</div>\u001b[39m\n            \u001b[36m</div>\u001b[39m\n          \u001b[36m</div>\u001b[39m\n          \u001b[36m<div\u001b[39m\n            \u001b[33mclass\u001b[39m=\u001b[32m\"bg-white rounded-2xl shadow-soft p-5 animate-slide-up [animation-delay:100ms]\"\u001b[39m\n          \u001b[36m>\u001b[39m\n            \u001b[36m<div\u001b[39m\n              \u001b[33mclass\u001b[39m=\u001b[32m\"flex justify-between items-center mb-4\"\u001b[39m\n            \u001b[36m>\u001b[39m\n              \u001b[36m<h3\u001b[39m\n                \u001b[33mclass\u001b[39m=\u001b[32m\"text-lg font-semibold text-gray-800\"\u001b[39m\n              \u001b[36m>\u001b[39m\n                \u001b[0mFood & Diet\u001b[0m\n              \u001b[36m</h3>\u001b[39m\n              \u001b[36m<span\u001b[39m\n                \u001b[33mclass\u001b[39m=\u001b[32m\"text-sm font-medium px-2.5 py-1 bg-brand-100 text-brand-700 rounded-full\"\u001b[39m\n              \u001b[36m>\u001b[39m\n                \u001b[0m0.0\u001b[0m\n                \u001b[0m kg\u001b[0m\n              \u001b[36m</span>\u001b[39m\n            \u001b[36m</div>\u001b[39m\n            \u001b[36m<p\u001b[39m\n              \u001b[33mclass\u001b[39m=\u001b[32m\"text-sm text-gray-500 mb-6\"\u001b[39m\n            \u001b[36m>\u001b[39m\n              \u001b[0mEmissions related to food production, transport, and waste.\u001b[0m\n            \u001b[36m</p>\u001b[39m\n            \u001b[36m<div\u001b[39m\n              \u001b[33mclass\u001b[39m=\u001b[32m\"space-y-4\"\u001b[39m\n            \u001b[36m>\u001b[39m\n              \u001b[36m<div\u001b[39m\n                \u001b[33mclass\u001b[39m=\u001b[32m\"flex flex-col gap-2\"\u001b[39m\n              \u001b[36m>\u001b[39m\n                \u001b[36m<label\u001b[39m\n                  \u001b[33mclass\u001b[39m=\u001b[32m\"text-sm font-medium text-gray-700 flex justify-between\"\u001b[39m\n                  \u001b[33mfor\u001b[39m=\u001b[32m\"act-beef_meal\"\u001b[39m\n                \u001b[36m>\u001b[39m\n                  \u001b[36m<span>\u001b[39m\n                    \u001b[0mBeef Meal\u001b[0m\n                  \u001b[36m</span>\u001b[39m\n                  \u001b[36m<span\u001b[39m\n                    \u001b[33mclass\u001b[39m=\u001b[32m\"text-gray-400 text-xs\"\u001b[39m\n                  \u001b[36m>\u001b[39m\n                    \u001b[0m(\u001b[0m\n                    \u001b[0mserving\u001b[0m\n                    \u001b[0m)\u001b[0m\n                  \u001b[36m</span>\u001b[39m\n                \u001b[36m</label>\u001b[39m\n                \u001b[36m<div\u001b[39m\n                  \u001b[33mclass\u001b[39m=\u001b[32m\"flex items-center gap-3\"\u001b[39m\n                \u001b[36m>\u001b[39m\n                  \u001b[36m<input\u001b[39m\n                    \u001b[33mclass\u001b[39m=\u001b[32m\"flex-1 rounded-xl border border-gray-300 px-3 py-2 text-sm focus:ring-2 focus:ring-brand-500 focus:border-brand-500 shadow-sm\"\u001b[39m\n                    \u001b[33mid\u001b[39m=\u001b[32m\"act-beef_meal\"\u001b[39m\n                    \u001b[33mmin\u001b[39m=\u001b[32m\"0\"\u001b[39m\n                    \u001b[33mplaceholder\u001b[39m=\u001b[32m\"0\"\u001b[39m\n                    \u001b[33mstep\u001b[39m=\u001b[32m\"0.1\"\u001b[39m\n                    \u001b[33mtype\u001b[39m=\u001b[32m\"number\"\u001b[39m\n                    \u001b[33mvalue\u001b[39m=\u001b[32m\"\"\u001b[39m\n                  \u001b[36m/>\u001b[39m\n                \u001b[36m</div>\u001b[39m\n              \u001b[36m</div>\u001b[39m\n            \u001b[36m</div>\u001b[39m\n          \u001b[36m</div>\u001b[39m\n          \u001b[36m<div\u001b[39m\n            \u001b[33mclass\u001b[39m=\u001b[32m\"bg-white rounded-2xl shadow-soft p-5 animate-slide-up [animation-delay:200ms]\"\u001b[39m\n          \u001b[36m>\u001b[39m\n            \u001b[36m<div\u001b[39m\n              \u001b[33mclass\u001b[39m=\u001b[32m\"flex justify-between items-center mb-4\"\u001b[39m\n            \u001b[36m>\u001b[39m\n              \u001b[36m<h3\u001b[39m\n                \u001b[33mclass\u001b[39m=\u001b[32m\"text-lg font-semibold text-gray-800\"\u001b[39m\n              \u001b[36m>\u001b[39m\n                \u001b[0mHome Energy\u001b[0m\n              \u001b[36m</h3>\u001b[39m\n              \u001b[36m<span\u001b[39m\n                \u001b[33mclass\u001b[39m=\u001b[32m\"text-sm font-medium px-2.5 py-1 bg-brand-100 text-brand-700 rounded-full\"\u001b[39m\n              \u001b[36m>\u001b[39m\n                \u001b[0m0.0\u001b[0m\n                \u001b[0m kg\u001b[0m\n              \u001b[36m</span>\u001b[39m\n            \u001b[36m</div>\u001b[39m\n            \u001b[36m<p\u001b[39m\n              \u001b[33mclass\u001b[39m=\u001b[32m\"text-sm text-gray-500 mb-6\"\u001b[39m\n            \u001b[36m>\u001b[39m\n              \u001b[0mElectricity, heating, and cooling your home.\u001b[0m\n            \u001b[36m</p>\u001b[39m\n            \u001b[36m<div\u001b[39m\n              \u001b[33mclass\u001b[39m=\u001b[32m\"space-y-4\"\u001b[39m\n            \u001b[36m>\u001b[39m\n              \u001b[36m<div\u001b[39m\n                \u001b[33mclass\u001b[39m=\u001b[32m\"flex flex-col gap-2\"\u001b[39m\n              \u001b[36m>\u001b[39m\n                \u001b[36m<label\u001b[39m\n                  \u001b[33mclass\u001b[39m=\u001b[32m\"text-sm font-medium text-gray-700 flex justify-between\"\u001b[39m\n                  \u001b[33mfor\u001b[39m=\u001b[32m\"act-electricity_kwh\"\u001b[39m\n                \u001b[36m>\u001b[39m\n                  \u001b[36m<span>\u001b[39m\n                    \u001b[0mGrid Electricity\u001b[0m\n                  \u001b[36m</span>\u001b[39m\n                  \u001b[36m<span\u001b[39m\n                    \u001b[33mclass\u001b[39m=\u001b[32m\"text-gray-400 text-xs\"\u001b[39m\n                  \u001b[36m>\u001b[39m\n                    \u001b[0m(\u001b[0m\n                    \u001b[0mkWh\u001b[0m\n                    \u001b[0m)\u001b[0m\n                  \u001b[36m</span>\u001b[39m\n                \u001b[36m</label>\u001b[39m\n                \u001b[36m<div\u001b[39m\n                  \u001b[33mclass\u001b[39m=\u001b[32m\"flex items-center gap-3\"\u001b[39m\n                \u001b[36m>\u001b[39m\n                  \u001b[36m<input\u001b[39m\n                    \u001b[33mclass\u001b[39m=\u001b[32m\"flex-1 rounded-xl border border-gray-300 px-3 py-2 text-sm focus:ring-2 focus:ring-brand-500 focus:border-brand-500 shadow-sm\"\u001b[39m\n                    \u001b[33mid\u001b[39m=\u001b[32m\"act-electricity_kwh\"\u001b[39m\n                    \u001b[33mmin\u001b[39m=\u001b[32m\"0\"\u001b[39m\n                    \u001b[33mplaceholder\u001b[39m=\u001b[32m\"0\"\u001b[39m\n                    \u001b[33mstep\u001b[39m=\u001b[32m\"0.1\"\u001b[39m\n                    \u001b[33mtype\u001b[39m=\u001b[32m\"number\"\u001b[39m\n                    \u001b[33mvalue\u001b[39m=\u001b[32m\"\"\u001b[39m\n                  \u001b[36m/>\u001b[39m\n                \u001b[36m</div>\u001b[39m\n              \u001b[36m</div>\u001b[39m\n            \u001b[36m</div>\u001b[39m\n          \u001b[36m</div>\u001b[39m\n          \u001b[36m<div\u001b[39m\n            \u001b[33mclass\u001b[39m=\u001b[32m\"bg-white rounded-2xl shadow-soft p-5 animate-slide-up [animation-delay:300ms]\"\u001b[39m\n          \u001b[36m>\u001b[39m\n            \u001b[36m<div\u001b[39m\n              \u001b[33mclass\u001b[39m=\u001b[32m\"flex justify-between items-center mb-4\"\u001b[39m\n            \u001b[36m>\u001b[39m\n              \u001b[36m<h3\u001b[39m\n                \u001b[33mclass\u001b[39m=\u001b[32m\"text-lg font-semibold text-gray-800\"\u001b[39m\n              \u001b[36m>\u001b[39m\n                \u001b[0mShopping & Goods\u001b[0m\n              \u001b[36m</h3>\u001b[39m\n              \u001b[36m<span\u001b[39m\n                \u001b[33mclass\u001b[39m=\u001b[32m\"text-sm font-medium px-2.5 py-1 bg-brand-100 text-brand-700 rounded-full\"\u001b[39m\n              \u001b[36m>\u001b[39m\n                \u001b[0m0.0\u001b[0m\n                \u001b[0m kg\u001b[0m\n              \u001b[36m</span>\u001b[39m\n            \u001b[36m</div>\u001b[39m\n            \u001b[36m<p\u001b[39m\n              \u001b[33mclass\u001b[39m=\u001b[32m\"text-sm text-gray-500 mb-6\"\u001b[39m\n            \u001b[36m>\u001b[39m\n              \u001b[0mEmissions from producing and shipping the items you buy.\u001b[0m\n            \u001b[36m</p>\u001b[39m\n            \u001b[36m<div\u001b[39m\n              \u001b[33mclass\u001b[39m=\u001b[32m\"space-y-4\"\u001b[39m\n            \u001b[36m>\u001b[39m\n              \u001b[36m<div\u001b[39m\n                \u001b[33mclass\u001b[39m=\u001b[32m\"flex flex-col gap-2\"\u001b[39m\n              \u001b[36m>\u001b[39m\n                \u001b[36m<label\u001b[39m\n                  \u001b[33mclass\u001b[39m=\u001b[32m\"text-sm font-medium text-gray-700 flex justify-between\"\u001b[39m\n                  \u001b[33mfor\u001b[39m=\u001b[32m\"act-buy_clothes\"\u001b[39m\n                \u001b[36m>\u001b[39m\n                  \u001b[36m<span>\u001b[39m\n                    \u001b[0mFast Fashion Items\u001b[0m\n                  \u001b[36m</span>\u001b[39m\n                  \u001b[36m<span\u001b[39m\n                    \u001b[33mclass\u001b[39m=\u001b[32m\"text-gray-400 text-xs\"\u001b[39m\n                  \u001b[36m>\u001b[39m\n                    \u001b[0m(\u001b[0m\n                    \u001b[0mitem\u001b[0m\n                    \u001b[0m)\u001b[0m\n                  \u001b[36m</span>\u001b[39m\n                \u001b[36m</label>\u001b[39m\n                \u001b[36m<div\u001b[39m\n                  \u001b[33mclass\u001b[39m=\u001b[32m\"flex items-center gap-3\"\u001b[39m\n                \u001b[36m>\u001b[39m\n                  \u001b[36m<input\u001b[39m\n                    \u001b[33mclass\u001b[39m=\u001b[32m\"flex-1 rounded-xl border border-gray-300 px-3 py-2 text-sm focus:ring-2 focus:ring-brand-500 focus:border-brand-500 shadow-sm\"\u001b[39m\n                    \u001b[33mid\u001b[39m=\u001b[32m\"act-buy_clothes\"\u001b[39m\n                    \u001b[33mmin\u001b[39m=\u001b[32m\"0\"\u001b[39m\n                    \u001b[33mplaceholder\u001b[39m=\u001b[32m\"0\"\u001b[39m\n                    \u001b[33mstep\u001b[39m=\u001b[32m\"0.1\"\u001b[39m\n                    \u001b[33mtype\u001b[39m=\u001b[32m\"number\"\u001b[39m\n                    \u001b[33mvalue\u001b[39m=\u001b[32m\"\"\u001b[39m\n                  \u001b[36m/>\u001b[39m\n                \u001b[36m</div>\u001b[39m\n              \u001b[36m</div>\u001b[39m\n            \u001b[36m</div>\u001b[39m\n          \u001b[36m</div>\u001b[39m\n        \u001b[36m</div>\u001b[39m\n      \u001b[36m</div>\u001b[39m\n    \u001b[36m</div>\u001b[39m\n  \u001b[36m</div>\u001b[39m\n\u001b[36m</body>\u001b[39m"],"location":{"line":37,"column":19}},{"ancestorTitles":["","QuizView"],"fullName":" QuizView renders heading","status":"passed","title":"renders heading","duration":8,"failureMessages":[]},{"ancestorTitles":["","QuizView"],"fullName":" QuizView has accessible radio group for answers","status":"passed","title":"has accessible radio group for answers","duration":5,"failureMessages":[]}],"startTime":1780992524267,"endTime":1780992524392,"status":"failed","message":"","name":"D:/DEV/carbon-footprint/src/__tests__/app.test.tsx"}]}